Build started 5/1/2018 4:33:50 PM.
     1>Project "C:\Users\u180572\Documents\Visual Studio 2010\Projects\sutton_kA3\sutton_kA3\sutton_kA3.vcxproj" on node 2 (build target(s)).
     1>InitializeBuildStatus:
         Creating "Debug\sutton_kA3.unsuccessfulbuild" because "AlwaysCreate" was specified.
       ClCompile:
         All outputs are up-to-date.
         c:\Program Files (x86)\Microsoft Visual Studio 10.0\VC\bin\CL.exe /c /I"C:\Users\u180572\Documents\Visual Studio 2010\Projects\sutton_kA3\freeglut_bin" /ZI /nologo /W3 /WX- /Od /Oy- /D WIN32 /D _DEBUG /D _CONSOLE /D _UNICODE /D UNICODE /Gm /EHsc /RTC1 /MDd /GS /fp:precise /Zc:wchar_t /Zc:forScope /Yu"StdAfx.h" /Fp"Debug\sutton_kA3.pch" /Fo"Debug\\" /Fd"Debug\vc100.pdb" /Gd /TP /analyze- /errorReport:prompt sutton_kA3.cpp
         sutton_kA3.cpp
     1>c:\users\u180572\documents\visual studio 2010\projects\sutton_ka3\sutton_ka3\sprite.h(96): warning C4244: 'argument' : conversion from 'int' to 'GLfloat', possible loss of data
     1>c:\users\u180572\documents\visual studio 2010\projects\sutton_ka3\sutton_ka3\sprite.h(96): warning C4244: 'argument' : conversion from 'int' to 'GLfloat', possible loss of data
     1>c:\users\u180572\documents\visual studio 2010\projects\sutton_ka3\sutton_ka3\sprite.h(112): warning C4244: '=' : conversion from 'int' to 'float', possible loss of data
     1>c:\users\u180572\documents\visual studio 2010\projects\sutton_ka3\sutton_ka3\sprite.h(113): warning C4244: '=' : conversion from 'int' to 'float', possible loss of data
     1>c:\users\u180572\documents\visual studio 2010\projects\sutton_ka3\sutton_ka3\sprite.h(179): warning C4305: 'initializing' : truncation from 'double' to 'float'
     1>c:\users\u180572\documents\visual studio 2010\projects\sutton_ka3\sutton_ka3\sprite.h(180): warning C4305: 'initializing' : truncation from 'double' to 'float'
     1>c:\users\u180572\documents\visual studio 2010\projects\sutton_ka3\sutton_ka3\sutton_ka3.cpp(40): warning C4996: 'sprintf': This function or variable may be unsafe. Consider using sprintf_s instead. To disable deprecation, use _CRT_SECURE_NO_WARNINGS. See online help for details.
                 c:\program files (x86)\microsoft visual studio 10.0\vc\include\stdio.h(371) : see declaration of 'sprintf'
       ManifestResourceCompile:
         All outputs are up-to-date.
       Link:
         c:\Program Files (x86)\Microsoft Visual Studio 10.0\VC\bin\link.exe /ERRORREPORT:PROMPT /OUT:"C:\Users\u180572\Documents\Visual Studio 2010\Projects\sutton_kA3\Debug\sutton_kA3.exe" /INCREMENTAL /NOLOGO /LIBPATH:"C:\Users\u180572\Documents\Visual Studio 2010\Projects\sutton_kA3\freeglut_bin" kernel32.lib user32.lib gdi32.lib winspool.lib comdlg32.lib advapi32.lib shell32.lib ole32.lib oleaut32.lib uuid.lib odbc32.lib odbccp32.lib /MANIFEST /ManifestFile:"Debug\sutton_kA3.exe.intermediate.manifest" /MANIFESTUAC:"level='asInvoker' uiAccess='false'" /DEBUG /PDB:"C:\Users\u180572\Documents\Visual Studio 2010\Projects\sutton_kA3\Debug\sutton_kA3.pdb" /SUBSYSTEM:CONSOLE /TLBID:1 /DYNAMICBASE /NXCOMPAT /IMPLIB:"C:\Users\u180572\Documents\Visual Studio 2010\Projects\sutton_kA3\Debug\sutton_kA3.lib" /MACHINE:X86 Debug\sutton_kA3.exe.embed.manifest.res
         Debug\stdafx.obj
         Debug\sutton_kA3.obj
       Manifest:
         C:\Program Files (x86)\Microsoft SDKs\Windows\v7.0A\bin\mt.exe /nologo /verbose /out:"Debug\sutton_kA3.exe.embed.manifest" /manifest Debug\sutton_kA3.exe.intermediate.manifest
         All outputs are up-to-date.
       LinkEmbedManifest:
         All outputs are up-to-date.
         sutton_kA3.vcxproj -> C:\Users\u180572\Documents\Visual Studio 2010\Projects\sutton_kA3\Debug\sutton_kA3.exe
       FinalizeBuildStatus:
         Deleting file "Debug\sutton_kA3.unsuccessfulbuild".
         Touching "Debug\sutton_kA3.lastbuildstate".
     1>Done Building Project "C:\Users\u180572\Documents\Visual Studio 2010\Projects\sutton_kA3\sutton_kA3\sutton_kA3.vcxproj" (build target(s)).

Build succeeded.

Time Elapsed 00:00:01.67
