C:\USERS\U180572\DOCUMENTS\VISUAL STUDIO 2010\PROJECTS\SUTTON_KA3\DEBUG\SUTTON_KA3.EXE
C:\USERS\U180572\DOCUMENTS\VISUAL STUDIO 2010\PROJECTS\SUTTON_KA3\DEBUG\SUTTON_KA3.ILK
C:\USERS\U180572\DOCUMENTS\VISUAL STUDIO 2010\PROJECTS\SUTTON_KA3\DEBUG\SUTTON_KA3.PDB
C:\Users\u180572\Documents\Visual Studio 2010\Projects\sutton_kA3\sutton_kA3\Debug\cl.command.1.tlog
C:\Users\u180572\Documents\Visual Studio 2010\Projects\sutton_kA3\sutton_kA3\Debug\CL.read.1.tlog
C:\Users\u180572\Documents\Visual Studio 2010\Projects\sutton_kA3\sutton_kA3\Debug\CL.write.1.tlog
C:\Users\u180572\Documents\Visual Studio 2010\Projects\sutton_kA3\sutton_kA3\Debug\link.2128.read.1.tlog
C:\Users\u180572\Documents\Visual Studio 2010\Projects\sutton_kA3\sutton_kA3\Debug\link.2128.write.1.tlog
C:\Users\u180572\Documents\Visual Studio 2010\Projects\sutton_kA3\sutton_kA3\Debug\link.240.read.1.tlog
C:\Users\u180572\Documents\Visual Studio 2010\Projects\sutton_kA3\sutton_kA3\Debug\link.240.write.1.tlog
C:\Users\u180572\Documents\Visual Studio 2010\Projects\sutton_kA3\sutton_kA3\Debug\link.240-cvtres.read.1.tlog
C:\Users\u180572\Documents\Visual Studio 2010\Projects\sutton_kA3\sutton_kA3\Debug\link.240-cvtres.write.1.tlog
C:\Users\u180572\Documents\Visual Studio 2010\Projects\sutton_kA3\sutton_kA3\Debug\link.4292.read.1.tlog
C:\Users\u180572\Documents\Visual Studio 2010\Projects\sutton_kA3\sutton_kA3\Debug\link.4292.write.1.tlog
C:\Users\u180572\Documents\Visual Studio 2010\Projects\sutton_kA3\sutton_kA3\Debug\link.4292-cvtres.read.1.tlog
C:\Users\u180572\Documents\Visual Studio 2010\Projects\sutton_kA3\sutton_kA3\Debug\link.4292-cvtres.write.1.tlog
C:\Users\u180572\Documents\Visual Studio 2010\Projects\sutton_kA3\sutton_kA3\Debug\link.command.1.tlog
C:\Users\u180572\Documents\Visual Studio 2010\Projects\sutton_kA3\sutton_kA3\Debug\link.read.1.tlog
C:\Users\u180572\Documents\Visual Studio 2010\Projects\sutton_kA3\sutton_kA3\Debug\link.write.1.tlog
C:\Users\u180572\Documents\Visual Studio 2010\Projects\sutton_kA3\sutton_kA3\Debug\link-cvtres.read.1.tlog
C:\Users\u180572\Documents\Visual Studio 2010\Projects\sutton_kA3\sutton_kA3\Debug\link-cvtres.write.1.tlog
C:\Users\u180572\Documents\Visual Studio 2010\Projects\sutton_kA3\sutton_kA3\Debug\mt.command.1.tlog
C:\Users\u180572\Documents\Visual Studio 2010\Projects\sutton_kA3\sutton_kA3\Debug\mt.read.1.tlog
C:\Users\u180572\Documents\Visual Studio 2010\Projects\sutton_kA3\sutton_kA3\Debug\mt.write.1.tlog
C:\Users\u180572\Documents\Visual Studio 2010\Projects\sutton_kA3\sutton_kA3\Debug\rc.command.1.tlog
C:\Users\u180572\Documents\Visual Studio 2010\Projects\sutton_kA3\sutton_kA3\Debug\rc.read.1.tlog
C:\Users\u180572\Documents\Visual Studio 2010\Projects\sutton_kA3\sutton_kA3\Debug\rc.write.1.tlog
C:\USERS\U180572\DOCUMENTS\VISUAL STUDIO 2010\PROJECTS\SUTTON_KA3\SUTTON_KA3\DEBUG\STDAFX.OBJ
C:\USERS\U180572\DOCUMENTS\VISUAL STUDIO 2010\PROJECTS\SUTTON_KA3\SUTTON_KA3\DEBUG\SUTTON_KA3.EXE.EMBED.MANIFEST
C:\USERS\U180572\DOCUMENTS\VISUAL STUDIO 2010\PROJECTS\SUTTON_KA3\SUTTON_KA3\DEBUG\SUTTON_KA3.EXE.EMBED.MANIFEST.RES
C:\USERS\U180572\DOCUMENTS\VISUAL STUDIO 2010\PROJECTS\SUTTON_KA3\SUTTON_KA3\DEBUG\SUTTON_KA3.EXE.INTERMEDIATE.MANIFEST
C:\USERS\U180572\DOCUMENTS\VISUAL STUDIO 2010\PROJECTS\SUTTON_KA3\SUTTON_KA3\DEBUG\SUTTON_KA3.OBJ
C:\USERS\U180572\DOCUMENTS\VISUAL STUDIO 2010\PROJECTS\SUTTON_KA3\SUTTON_KA3\DEBUG\SUTTON_KA3.PCH
C:\Users\u180572\Documents\Visual Studio 2010\Projects\sutton_kA3\sutton_kA3\Debug\sutton_kA3.vcxprojResolveAssemblyReference.cache
C:\Users\u180572\Documents\Visual Studio 2010\Projects\sutton_kA3\sutton_kA3\Debug\sutton_kA3.write.1.tlog
C:\Users\u180572\Documents\Visual Studio 2010\Projects\sutton_kA3\sutton_kA3\Debug\sutton_kA3_manifest.rc
C:\Users\u180572\Documents\Visual Studio 2010\Projects\sutton_kA3\sutton_kA3\Debug\vc100.idb
C:\USERS\U180572\DOCUMENTS\VISUAL STUDIO 2010\PROJECTS\SUTTON_KA3\SUTTON_KA3\DEBUG\VC100.PDB
